\BOOKMARK [0][-]{chapter.1}{\376\377\000A\000m\000b\000i\000e\000n\000t\000e\000\040\000e\000\040\000S\000i\000m\000u\000l\000a\000z\000i\000o\000n\000e}{}% 1
\BOOKMARK [1][-]{section.1.1}{\376\377\000G\000r\000i\000g\000l\000i\000a}{chapter.1}% 2
\BOOKMARK [1][-]{section.1.2}{\376\377\000M\000a\000g\000a\000z\000z\000i\000n\000i}{chapter.1}% 3
\BOOKMARK [1][-]{section.1.3}{\376\377\000C\000i\000c\000l\000o\000\040\000d\000i\000\040\000s\000i\000m\000u\000l\000a\000z\000i\000o\000n\000e}{chapter.1}% 4
\BOOKMARK [1][-]{section.1.4}{\376\377\000G\000e\000s\000t\000i\000o\000n\000e\000\040\000d\000e\000l\000l\000e\000\040\000c\000o\000l\000l\000i\000s\000i\000o\000n\000i}{chapter.1}% 5
\BOOKMARK [1][-]{section.1.5}{\376\377\000P\000r\000e\000n\000o\000t\000a\000z\000i\000o\000n\000e\000\040\000d\000e\000g\000l\000i\000\040\000i\000n\000g\000r\000e\000s\000s\000i\000\040\000a\000i\000\040\000m\000a\000g\000a\000z\000z\000i\000n\000i}{chapter.1}% 6
\BOOKMARK [1][-]{section.1.6}{\376\377\000C\000o\000m\000u\000n\000i\000c\000a\000z\000i\000o\000n\000e}{chapter.1}% 7
\BOOKMARK [0][-]{chapter.2}{\376\377\000A\000g\000e\000n\000t\000i}{}% 8
\BOOKMARK [1][-]{section.2.1}{\376\377\000A\000t\000t\000r\000i\000b\000u\000t\000i}{chapter.2}% 9
\BOOKMARK [1][-]{section.2.2}{\376\377\000P\000e\000r\000c\000e\000z\000i\000o\000n\000e\000\040\000\050\000S\000e\000n\000s\000e\000\051}{chapter.2}% 10
\BOOKMARK [1][-]{section.2.3}{\376\377\000M\000a\000c\000c\000h\000i\000n\000a\000\040\000a\000\040\000s\000t\000a\000t\000i}{chapter.2}% 11
\BOOKMARK [1][-]{section.2.4}{\376\377\000P\000a\000t\000h\000f\000i\000n\000d\000i\000n\000g}{chapter.2}% 12
\BOOKMARK [1][-]{section.2.5}{\376\377\000C\000o\000n\000s\000e\000g\000n\000a}{chapter.2}% 13
\BOOKMARK [2][-]{subsection.2.5.1}{\376\377\000S\000t\000r\000a\000t\000e\000g\000i\000e\000\040\000d\000i\000\040\000r\000i\000c\000a\000r\000i\000c\000a}{section.2.5}% 14
\BOOKMARK [0][-]{chapter.3}{\376\377\000S\000t\000r\000a\000t\000e\000g\000i\000e\000\040\000d\000i\000\040\000E\000s\000p\000l\000o\000r\000a\000z\000i\000o\000n\000e}{}% 15
\BOOKMARK [1][-]{section.3.1}{\376\377\000F\000u\000n\000z\000i\000o\000n\000i\000\040\000c\000o\000n\000d\000i\000v\000i\000s\000e\000\040\000d\000e\000l\000l\000a\000\040\000c\000l\000a\000s\000s\000e\000\040\000b\000a\000s\000e}{chapter.3}% 16
\BOOKMARK [1][-]{section.3.2}{\376\377\000S\000m\000a\000r\000t\000\040\000R\000a\000n\000d\000o\000m\000\040\000W\000a\000l\000k}{chapter.3}% 17
\BOOKMARK [1][-]{section.3.3}{\376\377\000F\000r\000o\000n\000t\000i\000e\000r}{chapter.3}% 18
\BOOKMARK [1][-]{section.3.4}{\376\377\000G\000r\000e\000e\000d\000y}{chapter.3}% 19
\BOOKMARK [1][-]{section.3.5}{\376\377\000S\000e\000c\000t\000o\000r}{chapter.3}% 20
\BOOKMARK [1][-]{section.3.6}{\376\377\000R\000e\000p\000u\000l\000s\000i\000o\000n}{chapter.3}% 21
\BOOKMARK [0][-]{chapter.4}{\376\377\000I\000n\000t\000e\000r\000f\000a\000c\000c\000i\000a\000\040\000U\000t\000e\000n\000t\000e}{}% 22
\BOOKMARK [1][-]{section.4.1}{\376\377\000B\000a\000r\000r\000a\000\040\000l\000a\000t\000e\000r\000a\000l\000e}{chapter.4}% 23
\BOOKMARK [1][-]{section.4.2}{\376\377\000T\000a\000b\000\040\000S\000i\000m\000u\000l\000a\000z\000i\000o\000n\000e}{chapter.4}% 24
\BOOKMARK [1][-]{section.4.3}{\376\377\000T\000a\000b\000\040\000B\000e\000n\000c\000h\000m\000a\000r\000k}{chapter.4}% 25
\BOOKMARK [0][-]{chapter.5}{\376\377\000R\000i\000s\000u\000l\000t\000a\000t\000i\000\040\000S\000p\000e\000r\000i\000m\000e\000n\000t\000a\000l\000i}{}% 26
\BOOKMARK [1][-]{section.5.1}{\376\377\000M\000a\000p\000p\000a\000\040\000A}{chapter.5}% 27
\BOOKMARK [2][-]{subsection.5.1.1}{\376\377\000T\000e\000s\000t\000\040\000e\000s\000a\000u\000s\000t\000i\000v\000o\000\040\040\024\000\040\0003\0002\000.\0007\0006\0008\000\040\000s\000i\000m\000u\000l\000a\000z\000i\000o\000n\000i}{section.5.1}% 28
\BOOKMARK [2][-]{subsection.5.1.2}{\376\377\000T\000e\000s\000t\000\040\000r\000a\000n\000d\000o\000m\000i\000z\000z\000a\000t\000o\000\040\040\024\000\040\0001\0000\0000\0003\000\040\000s\000e\000e\000d}{section.5.1}% 29
\BOOKMARK [1][-]{section.5.2}{\376\377\000M\000a\000p\000p\000a\000\040\000B}{chapter.5}% 30
\BOOKMARK [2][-]{subsection.5.2.1}{\376\377\000T\000e\000s\000t\000\040\000e\000s\000a\000u\000s\000t\000i\000v\000o\000\040\040\024\000\040\0003\0002\000.\0007\0006\0008\000\040\000s\000i\000m\000u\000l\000a\000z\000i\000o\000n\000i}{section.5.2}% 31
\BOOKMARK [2][-]{subsection.5.2.2}{\376\377\000T\000e\000s\000t\000\040\000r\000a\000n\000d\000o\000m\000i\000z\000z\000a\000t\000o\000\040\040\024\000\040\0001\0000\0000\0003\000\040\000s\000e\000e\000d}{section.5.2}% 32
\BOOKMARK [1][-]{section.5.3}{\376\377\000C\000o\000n\000s\000i\000d\000e\000r\000a\000z\000i\000o\000n\000i\000\040\000s\000u\000i\000\040\000r\000i\000s\000u\000l\000t\000a\000t\000i}{chapter.5}% 33
\BOOKMARK [2][-]{subsection.5.3.1}{\376\377\000C\000o\000n\000f\000r\000o\000n\000t\000o\000\040\000t\000r\000a\000\040\000l\000e\000\040\000d\000u\000e\000\040\000m\000a\000p\000p\000e}{section.5.3}% 34
\BOOKMARK [2][-]{subsection.5.3.2}{\376\377\000I\000m\000p\000a\000t\000t\000o\000\040\000d\000e\000l\000l\000a\000\040\000s\000t\000r\000a\000t\000e\000g\000i\000a\000\040\000d\000o\000m\000i\000n\000a\000n\000t\000e}{section.5.3}% 35
\BOOKMARK [2][-]{subsection.5.3.3}{\376\377\000T\000e\000a\000m\000\040\000e\000t\000e\000r\000o\000g\000e\000n\000e\000i\000\040\000v\000s\000\040\000o\000m\000o\000g\000e\000n\000e\000i}{section.5.3}% 36
\BOOKMARK [2][-]{subsection.5.3.4}{\376\377\000I\000m\000p\000a\000t\000t\000o\000\040\000d\000e\000l\000\040\000r\000a\000g\000g\000i\000o\000\040\000d\000i\000\040\000v\000i\000s\000i\000b\000i\000l\000i\000t\000\340}{section.5.3}% 37
\BOOKMARK [2][-]{subsection.5.3.5}{\376\377\000R\000o\000b\000u\000s\000t\000e\000z\000z\000a\000\040\000a\000i\000\040\000s\000e\000e\000d\000\040\000c\000a\000s\000u\000a\000l\000i}{section.5.3}% 38
\BOOKMARK [2][-]{subsection.5.3.6}{\376\377\000R\000i\000e\000p\000i\000l\000o\000g\000o}{section.5.3}% 39
\BOOKMARK [2][-]{subsection.5.3.7}{\376\377\000R\000i\000e\000p\000i\000l\000o\000g\000o\000\040\000d\000e\000l\000l\000e\000\040\000e\000u\000r\000i\000s\000t\000i\000c\000h\000e\000\040\000u\000t\000i\000l\000i\000z\000z\000a\000t\000e}{section.5.3}% 40
